2025-05-18 11:00:49 - Distraction: Driver not looking straight
2025-05-18 11:00:52 - Drowsiness: Driver detected as drowsy
2025-05-18 11:01:08 - Drowsiness: Driver detected as drowsy
2025-05-18 11:01:19 - Drowsiness: Driver detected as drowsy
2025-05-18 11:01:23 - Drowsiness: Driver detected as drowsy
2025-05-18 11:01:29 - Drowsiness: Driver detected as drowsy
2025-05-18 11:01:55 - Drowsiness: Driver detected as drowsy
2025-05-18 11:01:58 - Drowsiness: Driver detected as drowsy
2025-05-18 11:02:01 - Drowsiness: Driver detected as drowsy
2025-05-18 11:02:04 - Drowsiness: Driver detected as drowsy
2025-05-18 11:02:17 - Drowsiness: Driver detected as drowsy
2025-05-18 11:02:20 - Distraction: Driver not looking straight
2025-05-18 11:02:24 - Distraction: Driver not looking straight
2025-05-18 11:02:29 - Drowsiness: Driver detected as drowsy
2025-05-18 11:06:25 - Drowsiness: Driver detected as drowsy
2025-05-18 11:06:41 - Drowsiness: Driver detected as drowsy
2025-05-18 11:06:54 - Drowsiness: Driver detected as drowsy
2025-05-18 11:07:11 - Drowsiness: Driver detected as drowsy
2025-05-18 11:07:17 - Drowsiness: Driver detected as drowsy
2025-05-18 11:07:20 - Drowsiness: Driver detected as drowsy
2025-05-18 11:07:34 - Drowsiness: Driver detected as drowsy
2025-05-18 11:07:40 - Drowsiness: Driver detected as drowsy
2025-05-18 11:10:23 - Distraction: Driver not looking straight
2025-05-18 11:10:28 - Drowsiness: Driver detected as drowsy
2025-05-18 11:10:34 - Drowsiness: Driver detected as drowsy
2025-05-18 11:10:40 - Drowsiness: Driver detected as drowsy
2025-05-18 11:10:43 - Distraction: Driver not looking straight
2025-05-18 11:10:44 - Drowsiness: Driver detected as drowsy
2025-05-18 11:10:50 - Drowsiness: Driver detected as drowsy
2025-05-19 20:00:44 - Distraction: Driver not looking straight
2025-05-19 20:00:47 - Distraction: Driver not looking straight
2025-05-19 20:00:50 - Distraction: Driver's hand detected near face
2025-05-19 20:01:43 - Distraction: Driver's hand detected near face
2025-05-19 20:01:46 - Distraction: Driver's hand detected near face
2025-05-19 20:01:49 - Distraction: Driver's hand detected near face
2025-05-19 20:01:52 - Distraction: Driver's hand detected near face
2025-05-19 20:01:55 - Distraction: Driver's hand detected near face
2025-05-19 20:01:58 - Distraction: Driver's hand detected near face
2025-05-19 20:02:02 - Distraction: Driver's hand detected near face
2025-05-19 20:06:22 - Distraction: Driver not looking straight
2025-05-19 20:06:50 - Distraction: Driver not looking straight
2025-05-19 20:06:53 - Distraction: Driver not looking straight
2025-05-19 20:06:56 - Distraction: Driver's hand detected near face
2025-05-19 20:07:00 - Distraction: Driver's hand detected near face
2025-05-19 20:07:03 - Distraction: Driver's hand detected near face
2025-05-19 20:07:04 - Drowsiness: Driver detected as drowsy
2025-05-19 20:07:12 - Drowsiness: Driver detected as drowsy
2025-05-19 20:07:17 - Distraction: Driver's hand detected near face
2025-05-19 20:07:20 - Distraction: Driver's hand detected near face
2025-05-19 20:07:44 - Distraction: Driver not looking straight
2025-05-19 20:08:32 - Distraction: Driver not looking straight
2025-05-19 20:08:40 - Distraction: Driver not looking straight
2025-05-19 20:08:43 - Distraction: Driver not looking straight
2025-05-19 20:08:46 - Distraction: Driver's hand detected near face
2025-05-19 20:08:50 - Distraction: Driver not looking straight
2025-05-19 20:08:53 - Distraction: Driver's hand detected near face
2025-05-19 20:08:56 - Distraction: Driver not looking straight
2025-05-19 20:09:00 - Distraction: Driver not looking straight
2025-05-19 20:09:03 - Distraction: Driver not looking straight
2025-05-19 20:09:08 - Distraction: Driver not looking straight
2025-05-19 20:09:11 - Distraction: Driver not looking straight
2025-05-19 20:09:17 - Distraction: Driver not looking straight
2025-05-19 20:09:20 - Distraction: Driver not looking straight
2025-05-19 20:09:24 - Distraction: Driver not looking straight
2025-05-19 20:09:27 - Distraction: Driver not looking straight
2025-05-19 20:09:33 - Distraction: Driver not looking straight
2025-05-19 20:09:36 - Distraction: Driver's hand detected near face
2025-05-19 20:09:42 - Distraction: Driver's hand detected near face
2025-05-19 20:09:45 - Distraction: Driver not looking straight
2025-05-19 20:12:48 - Distraction: Driver not looking straight
2025-05-19 20:12:51 - Distraction: Driver not looking straight
2025-05-19 20:12:59 - Distraction: Driver not looking straight
2025-05-19 20:13:02 - Distraction: Driver not looking straight
2025-05-19 20:13:06 - Drowsiness: Driver detected as drowsy
2025-05-19 20:13:10 - Drowsiness: Driver detected as drowsy
2025-05-19 20:13:14 - Distraction: Driver's hand detected near face
2025-05-19 20:13:20 - Distraction: Driver not looking straight
2025-05-19 20:13:23 - Distraction: Driver not looking straight
2025-05-19 20:13:28 - Distraction: Driver not looking straight
2025-05-19 20:13:31 - Distraction: Driver's hand detected near face
2025-05-19 20:13:35 - Distraction: Driver's hand detected near face
2025-05-19 20:13:38 - Distraction: Driver's hand detected near face
2025-05-19 20:13:41 - Distraction: Driver not looking straight
2025-05-19 20:13:44 - Distraction: Driver's hand detected near face
2025-05-19 20:13:47 - Distraction: Driver's hand detected near face
2025-05-19 20:18:17 - Distraction: Driver not looking straight
2025-05-19 20:18:20 - Distraction: Driver not looking straight
2025-05-19 20:18:24 - Distraction: Driver not looking straight
2025-05-19 20:18:27 - Distraction: Driver's hand detected near face
2025-05-19 20:18:30 - Distraction: Driver's hand detected near face
2025-05-19 20:18:34 - Distraction: Driver's hand detected near face
2025-05-19 20:18:37 - Distraction: Driver's hand detected near face
2025-05-19 20:18:40 - Distraction: Driver not looking straight
2025-05-19 20:18:52 - Distraction: Driver not looking straight
2025-05-19 20:18:55 - Distraction: Driver not looking straight
2025-05-19 20:19:00 - Distraction: Driver not looking straight
2025-05-19 20:19:04 - Distraction: Driver not looking straight
2025-05-19 20:19:13 - Drowsiness: Driver detected as drowsy
2025-05-19 20:19:15 - Distraction: Driver's hand detected near face
2025-05-19 20:19:25 - Distraction: Driver not looking straight
2025-05-19 20:19:40 - Drowsiness: Driver detected as drowsy
2025-05-19 20:19:46 - Drowsiness: Driver detected as drowsy
2025-05-19 20:19:51 - Distraction: Driver's hand detected near face
2025-05-19 20:19:54 - Distraction: Driver's hand detected near face
2025-05-19 20:19:55 - Drowsiness: Driver detected as drowsy
2025-05-19 20:19:57 - Distraction: Driver not looking straight
2025-05-19 20:19:58 - Drowsiness: Driver detected as drowsy
2025-05-19 20:20:03 - Drowsiness: Driver detected as drowsy
2025-05-19 20:20:06 - Drowsiness: Driver detected as drowsy
2025-05-19 20:20:06 - Distraction: Driver not looking straight
2025-05-19 20:20:09 - Drowsiness: Driver detected as drowsy
2025-05-19 20:20:15 - Drowsiness: Driver detected as drowsy
2025-05-19 20:20:19 - Drowsiness: Driver detected as drowsy
2025-05-19 20:20:22 - Distraction: Driver not looking straight
2025-05-19 20:20:25 - Drowsiness: Driver detected as drowsy
2025-05-19 20:20:29 - Drowsiness: Driver detected as drowsy
2025-05-19 20:20:31 - Distraction: Driver not looking straight
2025-05-19 20:20:35 - Drowsiness: Driver detected as drowsy
2025-05-19 20:20:37 - Distraction: Driver not looking straight
2025-05-19 20:20:40 - Drowsiness: Driver detected as drowsy
2025-05-19 20:20:41 - Distraction: Driver not looking straight
2025-05-19 20:20:44 - Distraction: Driver's hand detected near face
2025-05-19 20:20:47 - Distraction: Driver's hand detected near face
2025-05-19 20:20:50 - Distraction: Driver's hand detected near face
2025-05-19 20:20:54 - Distraction: Driver's hand detected near face
2025-05-19 20:20:57 - Distraction: Driver's hand detected near face
2025-05-19 20:21:00 - Distraction: Driver's hand detected near face
2025-05-19 20:21:03 - Distraction: Driver's hand detected near face
2025-05-19 20:21:06 - Distraction: Driver's hand detected near face
2025-05-19 20:21:09 - Distraction: Driver not looking straight
2025-05-19 20:21:12 - Distraction: Driver not looking straight
2025-05-19 20:21:15 - Distraction: Driver not looking straight
2025-05-19 20:21:18 - Distraction: Driver's hand detected near face
2025-05-19 20:21:22 - Distraction: Driver's hand detected near face
2025-05-19 20:21:49 - Distraction: Driver not looking straight
2025-05-19 20:21:51 - Drowsiness: Driver detected as drowsy
2025-05-19 20:21:52 - Distraction: Driver not looking straight
2025-05-19 20:21:55 - Distraction: Driver not looking straight
2025-05-19 20:22:01 - Distraction: Driver not looking straight
2025-05-19 20:22:05 - Distraction: Driver not looking straight
2025-05-19 20:22:14 - Distraction: Driver not looking straight
2025-05-19 20:22:17 - Distraction: Driver not looking straight
2025-05-19 20:22:18 - Drowsiness: Driver detected as drowsy
2025-05-19 20:22:20 - Distraction: Driver not looking straight
2025-05-19 20:22:21 - Drowsiness: Driver detected as drowsy
2025-05-19 20:22:23 - Distraction: Driver not looking straight
2025-05-19 20:22:24 - Drowsiness: Driver detected as drowsy
2025-05-19 20:22:26 - Distraction: Driver not looking straight
2025-05-19 20:22:27 - Drowsiness: Driver detected as drowsy
2025-05-19 20:22:29 - Distraction: Driver not looking straight
2025-05-19 20:22:30 - Drowsiness: Driver detected as drowsy
2025-05-19 20:22:32 - Distraction: Driver not looking straight
2025-05-19 20:22:53 - Drowsiness: Driver detected as drowsy
2025-05-19 20:22:53 - Distraction: Driver not looking straight
2025-05-19 20:23:18 - Distraction: Driver not looking straight
2025-05-19 20:23:19 - Drowsiness: Driver detected as drowsy
2025-05-19 20:23:45 - Distraction: Driver not looking straight
2025-05-19 20:23:46 - Drowsiness: Driver detected as drowsy
2025-05-19 20:31:26 - Distraction: Driver not looking straight
2025-05-19 20:31:28 - Drowsiness: Driver detected as drowsy
2025-05-19 20:31:31 - Drowsiness: Driver detected as drowsy
2025-05-19 20:31:33 - Distraction: Driver not looking straight
2025-05-19 20:31:34 - Drowsiness: Driver detected as drowsy
2025-05-19 20:31:39 - Drowsiness: Driver detected as drowsy
2025-05-19 20:31:48 - Drowsiness: Driver detected as drowsy
2025-05-19 20:31:49 - Distraction: Driver not looking straight
2025-05-19 20:34:33 - Distraction: Driver not looking straight
2025-05-19 20:34:36 - Distraction: Driver not looking straight
2025-05-19 20:34:46 - Drowsiness: Driver detected as drowsy
2025-05-19 20:34:55 - Drowsiness: Driver detected as drowsy
2025-05-19 20:35:06 - Distraction: Driver not looking straight
2025-05-19 20:35:12 - Distraction: Driver not looking straight
2025-05-19 20:35:20 - Drowsiness: Driver detected as drowsy
2025-05-19 20:35:20 - Distraction: Driver not looking straight
2025-05-19 20:35:23 - Drowsiness: Driver detected as drowsy
2025-05-19 20:35:26 - Distraction: Driver not looking straight
2025-05-19 20:35:26 - Drowsiness: Driver detected as drowsy
2025-05-19 20:35:29 - Drowsiness: Driver detected as drowsy
2025-05-19 20:35:33 - Drowsiness: Driver detected as drowsy
2025-05-19 20:35:33 - Distraction: Driver not looking straight
2025-05-19 20:35:36 - Drowsiness: Driver detected as drowsy
2025-05-19 20:35:36 - Distraction: Driver not looking straight
2025-05-19 20:35:39 - Drowsiness: Driver detected as drowsy
2025-05-19 20:35:42 - Distraction: Driver not looking straight
2025-05-19 20:35:48 - Drowsiness: Driver detected as drowsy
2025-05-19 20:35:53 - Distraction: Driver not looking straight
2025-05-19 20:35:57 - Distraction: Driver not looking straight
2025-05-19 20:41:48 - Distraction: Driver not looking straight
2025-05-19 20:41:52 - Distraction: Driver not looking straight
2025-05-19 20:41:56 - Drowsiness: Driver detected as drowsy
2025-05-19 20:42:10 - Drowsiness: Driver detected as drowsy
2025-05-19 20:42:14 - Drowsiness: Driver detected as drowsy
2025-05-19 20:42:31 - Distraction: Driver not looking straight
2025-05-19 20:42:34 - Distraction: Driver not looking straight
2025-05-19 20:42:37 - Distraction: Driver not looking straight
2025-05-19 20:42:40 - Distraction: Driver's hand detected near face
2025-05-19 20:42:43 - Drowsiness: Driver detected as drowsy
2025-05-19 20:42:43 - Distraction: Driver not looking straight
2025-05-19 20:42:49 - Drowsiness: Driver detected as drowsy
2025-05-19 20:42:50 - Distraction: Driver not looking straight
2025-05-19 20:42:53 - Distraction: Driver not looking straight
2025-05-19 20:42:56 - Drowsiness: Driver detected as drowsy
2025-05-19 20:42:57 - Distraction: Driver not looking straight
2025-05-19 20:43:00 - Distraction: Driver not looking straight
2025-05-19 20:43:03 - Distraction: Driver not looking straight
2025-05-19 20:43:09 - Distraction: Driver not looking straight
2025-05-19 20:43:10 - Drowsiness: Driver detected as drowsy
2025-05-19 20:43:13 - Distraction: Driver not looking straight
2025-05-19 20:43:13 - Drowsiness: Driver detected as drowsy
2025-05-19 20:43:16 - Distraction: Driver not looking straight
2025-05-19 20:43:19 - Distraction: Driver not looking straight
2025-05-19 20:43:22 - Distraction: Driver not looking straight
2025-05-19 20:43:25 - Distraction: Driver not looking straight
2025-05-19 20:43:25 - Drowsiness: Driver detected as drowsy
2025-05-19 20:43:28 - Distraction: Driver not looking straight
2025-05-19 20:43:33 - Distraction: Driver not looking straight
2025-05-19 20:43:37 - Distraction: Driver not looking straight
2025-05-19 20:44:01 - Distraction: Driver not looking straight
2025-05-19 20:44:09 - Distraction: Driver not looking straight
2025-05-19 20:44:14 - Distraction: Driver not looking straight
2025-05-19 20:44:14 - Drowsiness: Driver detected as drowsy
2025-05-19 20:46:17 - Distraction: Driver not looking straight
2025-05-19 20:46:19 - Drowsiness: Driver detected as drowsy
2025-05-19 20:46:21 - Distraction: Driver not looking straight
2025-05-19 20:46:22 - Drowsiness: Driver detected as drowsy
2025-05-19 20:46:24 - Distraction: Driver not looking straight
2025-05-19 20:46:27 - Distraction: Driver not looking straight
2025-05-19 20:46:29 - Drowsiness: Driver detected as drowsy
2025-05-19 20:46:30 - Distraction: Driver not looking straight
2025-05-19 20:46:34 - Drowsiness: Driver detected as drowsy
2025-05-19 20:46:35 - Distraction: Driver not looking straight
2025-05-19 20:46:38 - Distraction: Driver not looking straight
2025-05-19 20:46:57 - Drowsiness: Driver detected as drowsy
2025-05-19 20:47:08 - Distraction: Driver not looking straight
2025-05-19 20:47:11 - Distraction: Driver not looking straight
2025-05-19 20:47:14 - Distraction: Driver's hand detected near face
2025-05-19 20:47:16 - Drowsiness: Driver detected as drowsy
2025-05-19 20:47:17 - Distraction: Driver not looking straight
2025-05-19 20:47:20 - Distraction: Driver not looking straight
2025-05-19 20:47:23 - Distraction: Driver not looking straight
2025-05-19 20:47:26 - Distraction: Driver not looking straight
2025-05-19 20:47:30 - Distraction: Driver not looking straight
2025-05-19 20:47:43 - Drowsiness: Driver detected as drowsy
2025-05-19 20:47:44 - Distraction: Driver not looking straight
2025-05-19 20:47:51 - Distraction: Driver not looking straight
2025-05-19 20:47:52 - Drowsiness: Driver detected as drowsy
2025-05-19 20:47:56 - Distraction: Driver not looking straight
2025-05-19 20:48:04 - Distraction: Driver not looking straight
2025-05-19 20:48:05 - Drowsiness: Driver detected as drowsy
2025-05-19 20:48:08 - Distraction: Driver not looking straight
2025-05-19 20:48:08 - Drowsiness: Driver detected as drowsy
2025-05-19 20:48:11 - Distraction: Driver not looking straight
2025-05-19 20:48:21 - Distraction: Driver not looking straight
2025-05-19 20:48:24 - Distraction: Driver not looking straight
2025-05-19 20:48:27 - Distraction: Driver not looking straight
2025-05-19 20:48:30 - Distraction: Driver not looking straight
2025-05-19 20:48:33 - Distraction: Driver not looking straight
2025-05-19 20:48:37 - Distraction: Driver not looking straight
2025-05-19 20:48:39 - Drowsiness: Driver detected as drowsy
2025-05-19 20:48:40 - Distraction: Driver's hand detected near face
2025-05-19 20:48:46 - Drowsiness: Driver detected as drowsy
2025-05-19 20:48:47 - Distraction: Driver not looking straight
2025-05-19 20:48:49 - Drowsiness: Driver detected as drowsy
2025-05-19 20:48:50 - Distraction: Driver's hand detected near face
2025-05-19 20:48:59 - Drowsiness: Driver detected as drowsy
2025-05-19 20:49:00 - Distraction: Driver not looking straight
2025-05-19 20:49:15 - Distraction: Driver not looking straight
2025-05-19 20:49:20 - Distraction: Driver's hand detected near face
2025-05-19 20:49:23 - Distraction: Driver not looking straight
2025-05-19 20:49:32 - Drowsiness: Driver detected as drowsy
2025-05-19 20:49:36 - Drowsiness: Driver detected as drowsy
2025-05-19 20:51:48 - Distraction: Driver not looking straight
2025-05-19 20:51:51 - Drowsiness: Driver detected as drowsy
2025-05-19 20:51:53 - Distraction: Driver's hand detected near face
2025-05-19 20:52:01 - Drowsiness: Driver detected as drowsy
2025-05-19 20:52:13 - Drowsiness: Driver detected as drowsy
2025-05-19 20:54:28 - Distraction: Driver not looking straight
2025-05-19 20:54:31 - Distraction: Driver not looking straight
2025-05-19 20:54:36 - Drowsiness: Driver detected as drowsy
2025-05-19 20:54:46 - Drowsiness: Driver detected as drowsy
2025-05-19 20:55:07 - Drowsiness: Driver detected as drowsy
2025-05-19 20:55:14 - Drowsiness: Driver detected as drowsy
2025-05-19 20:55:42 - Drowsiness: Driver detected as drowsy
2025-05-19 20:55:52 - Distraction: Driver not looking straight
2025-05-19 20:55:55 - Drowsiness: Driver detected as drowsy
2025-05-19 20:55:58 - Drowsiness: Driver detected as drowsy
2025-05-19 20:56:17 - Drowsiness: Driver detected as drowsy
2025-05-19 20:56:28 - Distraction: Driver's hand detected near face
2025-05-19 20:56:31 - Distraction: Driver's hand detected near face
2025-05-19 20:56:40 - Drowsiness: Driver detected as drowsy
2025-05-19 20:56:44 - Drowsiness: Driver detected as drowsy
2025-05-19 20:56:47 - Drowsiness: Driver detected as drowsy
2025-05-19 20:56:54 - Drowsiness: Driver detected as drowsy
2025-05-19 20:56:57 - Drowsiness: Driver detected as drowsy
2025-05-19 20:57:07 - Drowsiness: Driver detected as drowsy
2025-05-19 20:57:12 - Distraction: Driver not looking straight
2025-05-19 20:57:16 - Distraction: Driver not looking straight
2025-05-19 20:57:20 - Distraction: Driver not looking straight
2025-05-19 20:57:23 - Distraction: Driver not looking straight
2025-05-19 20:57:26 - Distraction: Driver not looking straight
2025-05-19 20:57:29 - Distraction: Driver not looking straight
2025-05-19 20:57:31 - Drowsiness: Driver detected as drowsy
2025-05-19 20:57:38 - Distraction: Driver not looking straight
2025-05-19 20:57:40 - Drowsiness: Driver detected as drowsy
2025-05-19 20:57:47 - Distraction: Driver not looking straight
2025-05-19 20:57:50 - Distraction: Driver not looking straight
2025-05-19 20:57:56 - Drowsiness: Driver detected as drowsy
2025-05-19 20:58:36 - Distraction: Driver not looking straight
2025-05-19 20:58:37 - Drowsiness: Driver detected as drowsy
2025-05-19 20:58:39 - Distraction: Driver's hand detected near face
2025-05-19 20:58:52 - Drowsiness: Driver detected as drowsy
2025-05-19 20:59:08 - Drowsiness: Driver detected as drowsy
2025-05-19 20:59:16 - Drowsiness: Driver detected as drowsy
2025-05-19 20:59:30 - Distraction: Driver not looking straight
2025-05-19 20:59:35 - Drowsiness: Driver detected as drowsy
2025-05-19 20:59:44 - Distraction: Driver not looking straight
2025-05-19 20:59:51 - Distraction: Driver not looking straight
2025-05-19 20:59:54 - Distraction: Driver not looking straight
2025-05-19 21:00:07 - Drowsiness: Driver detected as drowsy
2025-05-19 21:00:11 - Distraction: Driver not looking straight
2025-05-19 21:00:15 - Distraction: Driver not looking straight
2025-05-19 21:00:18 - Distraction: Driver not looking straight
2025-05-19 21:00:21 - Distraction: Driver not looking straight
2025-05-19 21:10:31 - Drowsiness: Driver detected as drowsy
2025-05-19 21:11:04 - Drowsiness: Driver detected as drowsy
2025-05-19 21:11:07 - Distraction: Driver not looking straight
2025-05-19 21:11:08 - Drowsiness: Driver detected as drowsy
2025-05-19 21:11:12 - Drowsiness: Driver detected as drowsy
2025-05-19 21:11:15 - Drowsiness: Driver detected as drowsy
2025-05-19 21:11:23 - Drowsiness: Driver detected as drowsy
2025-05-19 21:19:23 - Drowsiness: Driver detected as drowsy
2025-05-19 21:19:29 - Drowsiness: Driver detected as drowsy
2025-05-19 21:19:33 - Drowsiness: Driver detected as drowsy
2025-05-19 21:19:39 - Drowsiness: Driver detected as drowsy
2025-05-19 21:19:42 - Drowsiness: Driver detected as drowsy
2025-05-19 21:20:01 - Drowsiness: Driver detected as drowsy
2025-05-19 21:20:27 - Drowsiness: Driver detected as drowsy
2025-05-19 21:20:30 - Drowsiness: Driver detected as drowsy
2025-05-19 21:20:33 - Drowsiness: Driver detected as drowsy
2025-05-19 21:21:01 - Drowsiness: Driver detected as drowsy
2025-05-19 21:21:20 - Drowsiness: Driver detected as drowsy
2025-05-19 21:21:23 - Drowsiness: Driver detected as drowsy
2025-05-19 21:21:28 - Drowsiness: Driver detected as drowsy
2025-05-19 21:21:48 - Drowsiness: Driver detected as drowsy
2025-05-19 21:21:56 - Drowsiness: Driver detected as drowsy
2025-05-19 21:55:12 - Drowsiness: Driver detected as drowsy
2025-05-19 21:55:20 - Drowsiness: Driver detected as drowsy
2025-05-19 21:55:23 - Drowsiness: Driver detected as drowsy
2025-05-19 21:55:44 - Drowsiness: Driver detected as drowsy
2025-05-19 21:55:50 - Drowsiness: Driver detected as drowsy
2025-05-19 21:56:06 - Drowsiness: Driver detected as drowsy
2025-05-19 21:56:21 - Drowsiness: Driver detected as drowsy
2025-05-19 21:56:30 - Drowsiness: Driver detected as drowsy
2025-05-19 21:56:50 - Drowsiness: Driver detected as drowsy
2025-05-19 21:56:57 - Drowsiness: Driver detected as drowsy
2025-05-19 21:57:01 - Drowsiness: Driver detected as drowsy
2025-05-19 21:57:26 - Drowsiness: Driver detected as drowsy
2025-05-19 21:57:29 - Drowsiness: Driver detected as drowsy
2025-05-19 21:57:33 - Drowsiness: Driver detected as drowsy
2025-05-19 22:41:02 - Distraction: Driver not looking straight
2025-05-19 22:41:06 - Distraction: Driver's hand detected near face
2025-05-19 22:41:10 - Drowsiness: Driver detected as drowsy
2025-05-19 22:41:13 - Distraction: Driver's hand detected near face
2025-05-19 22:41:23 - Distraction: Driver's hand detected near face
2025-05-19 22:41:25 - Drowsiness: Driver detected as drowsy
2025-05-19 22:41:38 - Drowsiness: Driver detected as drowsy
2025-05-19 22:41:41 - Drowsiness: Driver detected as drowsy
2025-05-19 22:41:45 - Drowsiness: Driver detected as drowsy
2025-05-19 22:41:48 - Drowsiness: Driver detected as drowsy
2025-05-19 22:41:54 - Drowsiness: Driver detected as drowsy
2025-05-19 22:41:57 - Drowsiness: Driver detected as drowsy
2025-05-19 22:41:59 - Distraction: Driver not looking straight
2025-05-19 22:42:04 - Drowsiness: Driver detected as drowsy
2025-05-19 22:42:07 - Drowsiness: Driver detected as drowsy
2025-05-19 22:42:10 - Drowsiness: Driver detected as drowsy
2025-05-19 22:42:13 - Drowsiness: Driver detected as drowsy
2025-05-19 22:42:16 - Drowsiness: Driver detected as drowsy
2025-05-19 22:42:20 - Drowsiness: Driver detected as drowsy
2025-05-19 22:42:23 - Drowsiness: Driver detected as drowsy
2025-05-19 22:42:24 - Distraction: Driver not looking straight
2025-05-19 22:42:27 - Distraction: Driver not looking straight
2025-05-19 22:42:33 - Drowsiness: Driver detected as drowsy
2025-05-19 22:42:40 - Drowsiness: Driver detected as drowsy
2025-05-19 22:42:42 - Distraction: Driver not looking straight
2025-05-19 22:42:47 - Distraction: Driver not looking straight
2025-05-19 22:42:50 - Drowsiness: Driver detected as drowsy
2025-05-19 22:42:56 - Drowsiness: Driver detected as drowsy
2025-05-19 22:43:02 - Drowsiness: Driver detected as drowsy
2025-05-19 22:43:08 - Drowsiness: Driver detected as drowsy
2025-05-19 22:43:08 - Distraction: Driver's hand detected near face
2025-05-19 22:43:12 - Distraction: Driver not looking straight
2025-05-19 22:43:15 - Distraction: Driver not looking straight
2025-05-19 22:43:17 - Drowsiness: Driver detected as drowsy
2025-05-19 22:43:22 - Drowsiness: Driver detected as drowsy
2025-05-19 22:43:24 - Distraction: Driver not looking straight
2025-05-19 22:43:28 - Drowsiness: Driver detected as drowsy
2025-05-19 22:43:31 - Drowsiness: Driver detected as drowsy
2025-05-19 22:43:36 - Drowsiness: Driver detected as drowsy
2025-05-19 22:43:38 - Distraction: Driver not looking straight
2025-05-19 22:43:41 - Distraction: Driver not looking straight
2025-05-19 22:43:45 - Distraction: Driver not looking straight
2025-05-19 22:43:46 - Drowsiness: Driver detected as drowsy
2025-05-19 22:43:48 - Distraction: Driver not looking straight
2025-05-19 22:43:52 - Distraction: Driver not looking straight
2025-05-19 22:43:56 - Distraction: Driver not looking straight
2025-05-19 22:43:57 - Drowsiness: Driver detected as drowsy
2025-05-19 22:43:59 - Distraction: Driver not looking straight
2025-05-19 22:44:02 - Distraction: Driver not looking straight
2025-05-19 22:44:02 - Drowsiness: Driver detected as drowsy
2025-05-19 22:44:05 - Distraction: Driver not looking straight
2025-05-19 22:44:06 - Drowsiness: Driver detected as drowsy
2025-05-19 22:44:08 - Distraction: Driver not looking straight
2025-05-19 22:44:09 - Drowsiness: Driver detected as drowsy
2025-05-19 22:44:11 - Distraction: Driver not looking straight
2025-05-19 22:44:12 - Drowsiness: Driver detected as drowsy
2025-05-19 22:44:14 - Distraction: Driver not looking straight
2025-05-19 22:44:15 - Drowsiness: Driver detected as drowsy
2025-05-19 22:44:17 - Distraction: Driver not looking straight
2025-05-19 22:44:35 - Drowsiness: Driver detected as drowsy
2025-05-19 22:44:36 - Distraction: Driver's hand detected near face
2025-05-19 22:44:48 - Drowsiness: Driver detected as drowsy
2025-05-19 22:44:54 - Drowsiness: Driver detected as drowsy
2025-05-19 22:45:01 - Drowsiness: Driver detected as drowsy
2025-05-19 22:45:05 - Drowsiness: Driver detected as drowsy
2025-05-19 22:45:07 - Distraction: Driver not looking straight
2025-05-19 22:45:11 - Distraction: Driver not looking straight
2025-05-19 22:45:11 - Drowsiness: Driver detected as drowsy
2025-05-19 22:45:14 - Distraction: Driver not looking straight
2025-05-19 22:45:14 - Drowsiness: Driver detected as drowsy
2025-05-19 22:45:17 - Distraction: Driver not looking straight
2025-05-19 22:45:18 - Drowsiness: Driver detected as drowsy
2025-05-19 22:45:20 - Distraction: Driver not looking straight
2025-05-19 22:45:22 - Drowsiness: Driver detected as drowsy
2025-05-19 22:45:33 - Distraction: Driver not looking straight
2025-05-19 22:45:51 - Drowsiness: Driver detected as drowsy
2025-05-19 22:45:51 - Distraction: Driver not looking straight
2025-05-19 22:45:54 - Distraction: Driver not looking straight
2025-05-19 22:45:58 - Distraction: Driver not looking straight
2025-05-19 22:46:01 - Distraction: Driver not looking straight
2025-05-19 22:46:01 - Drowsiness: Driver detected as drowsy
2025-05-20 19:37:58 - Distraction: Turning.
2025-05-20 19:38:09 - Distraction: Turning.
2025-05-20 19:38:10 - Drowsiness: Driver detected as drowsy
2025-05-20 19:38:12 - Distraction: Turning.
2025-05-20 19:38:13 - Drowsiness: Driver detected as drowsy
2025-05-20 19:38:17 - Distraction: Turning.
2025-05-20 19:38:27 - Drowsiness: Driver detected as drowsy
2025-05-20 19:38:27 - Distraction: Driver Talking on Phone.
2025-05-20 19:38:30 - Drowsiness: Driver detected as drowsy
2025-05-20 19:38:32 - Distraction: Turning.
2025-05-20 19:38:37 - Drowsiness: Driver detected as drowsy
2025-05-20 19:38:41 - Drowsiness: Driver detected as drowsy
2025-05-20 19:38:41 - Distraction: Turning.
2025-05-20 19:38:45 - Distraction: Turning.
2025-05-20 19:38:45 - Drowsiness: Driver detected as drowsy
2025-05-20 19:38:50 - Drowsiness: Driver detected as drowsy
2025-05-20 19:39:00 - Drowsiness: Driver detected as drowsy
2025-05-20 19:39:02 - Distraction: Turning.
2025-05-20 19:39:04 - Drowsiness: Driver detected as drowsy
2025-05-20 19:39:07 - Drowsiness: Driver detected as drowsy
2025-05-20 19:39:12 - Drowsiness: Driver detected as drowsy
2025-05-20 19:39:15 - Drowsiness: Driver detected as drowsy
2025-05-20 19:39:20 - Drowsiness: Driver detected as drowsy
2025-05-20 19:39:28 - Drowsiness: Driver detected as drowsy
2025-05-20 19:39:31 - Distraction: Turning.
2025-05-20 19:39:32 - Drowsiness: Driver detected as drowsy
2025-05-20 19:39:34 - Distraction: Turning.
2025-05-20 19:39:35 - Drowsiness: Driver detected as drowsy
2025-05-20 19:39:39 - Distraction: Turning.
2025-05-20 19:39:41 - Drowsiness: Driver detected as drowsy
2025-05-20 19:39:48 - Drowsiness: Driver detected as drowsy
2025-05-20 19:39:52 - Distraction: Turning.
2025-05-20 19:39:53 - Drowsiness: Driver detected as drowsy
2025-05-20 19:39:56 - Drowsiness: Driver detected as drowsy
2025-05-20 19:39:59 - Drowsiness: Driver detected as drowsy
2025-05-20 19:40:03 - Drowsiness: Driver detected as drowsy
2025-05-20 19:40:04 - Distraction: Turning.
2025-05-20 19:40:10 - Drowsiness: Driver detected as drowsy
2025-05-20 19:40:14 - Drowsiness: Driver detected as drowsy
2025-05-20 19:40:14 - Distraction: Turning.
2025-05-20 19:40:17 - Drowsiness: Driver detected as drowsy
2025-05-20 19:40:17 - Distraction: Turning.
2025-05-20 19:40:20 - Drowsiness: Driver detected as drowsy
2025-05-20 19:40:25 - Drowsiness: Driver detected as drowsy
2025-05-20 19:40:28 - Drowsiness: Driver detected as drowsy
2025-05-20 19:40:31 - Drowsiness: Driver detected as drowsy
2025-05-20 19:40:36 - Drowsiness: Driver detected as drowsy
2025-05-20 19:40:39 - Drowsiness: Driver detected as drowsy
2025-05-20 19:40:44 - Drowsiness: Driver detected as drowsy
2025-05-20 19:40:49 - Distraction: Driver Talking on Phone.
2025-05-20 19:40:55 - Drowsiness: Driver detected as drowsy
2025-05-20 19:41:02 - Drowsiness: Driver detected as drowsy
2025-05-20 19:41:05 - Drowsiness: Driver detected as drowsy
2025-05-20 19:41:09 - Drowsiness: Driver detected as drowsy
2025-05-20 19:41:10 - Distraction: Turning.
2025-05-20 19:41:12 - Drowsiness: Driver detected as drowsy
2025-05-20 19:41:21 - Drowsiness: Driver detected as drowsy
2025-05-20 19:41:25 - Drowsiness: Driver detected as drowsy
2025-05-20 19:41:29 - Drowsiness: Driver detected as drowsy
2025-05-20 19:41:32 - Drowsiness: Driver detected as drowsy
2025-05-20 19:41:39 - Drowsiness: Driver detected as drowsy
2025-05-20 19:41:42 - Drowsiness: Driver detected as drowsy
2025-05-20 19:41:47 - Drowsiness: Driver detected as drowsy
2025-05-20 19:41:50 - Distraction: Turning.
2025-05-20 19:41:50 - Drowsiness: Driver detected as drowsy
2025-05-20 19:41:53 - Distraction: Turning.
2025-05-20 19:41:58 - Drowsiness: Driver detected as drowsy
2025-05-20 19:42:01 - Drowsiness: Driver detected as drowsy
2025-05-20 19:42:05 - Drowsiness: Driver detected as drowsy
2025-05-20 19:42:10 - Drowsiness: Driver detected as drowsy
2025-05-20 19:42:15 - Drowsiness: Driver detected as drowsy
2025-05-20 19:42:22 - Drowsiness: Driver detected as drowsy
2025-05-20 19:42:26 - Drowsiness: Driver detected as drowsy
2025-05-20 19:42:30 - Drowsiness: Driver detected as drowsy
2025-05-20 19:42:33 - Drowsiness: Driver detected as drowsy
2025-05-20 19:42:34 - Distraction: Driver Talking on Phone.
2025-05-20 19:42:36 - Drowsiness: Driver detected as drowsy
2025-05-20 19:42:38 - Distraction: Turning.
2025-05-20 19:42:46 - Distraction: Turning.
2025-05-20 19:42:46 - Drowsiness: Driver detected as drowsy
2025-05-20 19:42:50 - Drowsiness: Driver detected as drowsy
2025-05-20 19:42:50 - Distraction: Turning.
2025-05-20 19:42:54 - Drowsiness: Driver detected as drowsy
2025-05-20 19:42:57 - Drowsiness: Driver detected as drowsy
2025-05-20 19:43:01 - Distraction: Turning.
2025-05-20 19:43:01 - Drowsiness: Driver detected as drowsy
2025-05-20 19:43:04 - Distraction: Turning.
2025-05-20 19:43:04 - Drowsiness: Driver detected as drowsy
2025-05-20 19:43:07 - Distraction: Turning.
2025-05-20 19:43:13 - Drowsiness: Driver detected as drowsy
2025-05-20 19:43:17 - Distraction: Turning.
2025-05-20 19:43:19 - Drowsiness: Driver detected as drowsy
2025-05-20 19:43:25 - Drowsiness: Driver detected as drowsy
2025-05-20 19:43:28 - Drowsiness: Driver detected as drowsy
2025-05-20 19:43:34 - Drowsiness: Driver detected as drowsy
2025-05-20 19:43:34 - Distraction: Turning.
2025-05-20 19:43:37 - Distraction: Turning.
2025-05-20 19:43:38 - Drowsiness: Driver detected as drowsy
2025-05-20 19:43:40 - Distraction: Turning.
2025-05-20 19:43:42 - Drowsiness: Driver detected as drowsy
2025-05-20 19:43:44 - Distraction: Driver Talking on Phone.
2025-05-20 19:43:48 - Drowsiness: Driver detected as drowsy
2025-05-20 19:43:52 - Drowsiness: Driver detected as drowsy
2025-05-20 19:43:57 - Drowsiness: Driver detected as drowsy
2025-05-20 19:44:02 - Drowsiness: Driver detected as drowsy
2025-05-20 19:44:06 - Drowsiness: Driver detected as drowsy
2025-05-20 19:44:09 - Drowsiness: Driver detected as drowsy
2025-05-20 19:44:13 - Drowsiness: Driver detected as drowsy
2025-05-20 19:44:20 - Drowsiness: Driver detected as drowsy
2025-05-20 19:44:22 - Distraction: Turning.
2025-05-20 19:44:25 - Drowsiness: Driver detected as drowsy
2025-05-20 19:44:25 - Distraction: Turning.
2025-05-20 19:44:28 - Drowsiness: Driver detected as drowsy
2025-05-20 19:44:28 - Distraction: Turning.
2025-05-20 19:44:31 - Distraction: Turning.
2025-05-20 19:44:31 - Drowsiness: Driver detected as drowsy
2025-05-20 19:44:34 - Distraction: Turning.
2025-05-20 19:44:36 - Drowsiness: Driver detected as drowsy
2025-05-20 19:44:37 - Distraction: Turning.
2025-05-20 19:44:44 - Drowsiness: Driver detected as drowsy
2025-05-20 19:44:44 - Distraction: Turning.
2025-05-20 19:44:49 - Drowsiness: Driver detected as drowsy
2025-05-20 19:44:50 - Distraction: Turning.
2025-05-20 19:44:53 - Drowsiness: Driver detected as drowsy
2025-05-20 19:44:54 - Distraction: Driver Talking on Phone.
2025-05-20 19:44:57 - Drowsiness: Driver detected as drowsy
2025-05-20 19:45:00 - Drowsiness: Driver detected as drowsy
2025-05-20 19:45:03 - Drowsiness: Driver detected as drowsy
2025-05-20 19:45:07 - Drowsiness: Driver detected as drowsy
2025-05-20 19:45:11 - Drowsiness: Driver detected as drowsy
2025-05-20 19:45:14 - Drowsiness: Driver detected as drowsy
2025-05-20 19:45:17 - Drowsiness: Driver detected as drowsy
2025-05-20 19:45:20 - Drowsiness: Driver detected as drowsy
2025-05-20 19:45:23 - Drowsiness: Driver detected as drowsy
2025-05-20 19:45:27 - Drowsiness: Driver detected as drowsy
2025-05-20 19:45:29 - Distraction: Turning.
2025-05-20 19:45:31 - Drowsiness: Driver detected as drowsy
2025-05-20 19:45:37 - Drowsiness: Driver detected as drowsy
2025-05-20 19:45:40 - Drowsiness: Driver detected as drowsy
2025-05-20 19:45:43 - Drowsiness: Driver detected as drowsy
2025-05-20 19:45:48 - Drowsiness: Driver detected as drowsy
2025-05-20 19:45:52 - Drowsiness: Driver detected as drowsy
2025-05-20 19:45:55 - Drowsiness: Driver detected as drowsy
2025-05-20 19:45:56 - Distraction: Turning.
2025-05-20 19:45:59 - Distraction: Turning.
2025-05-20 19:46:02 - Distraction: Turning.
2025-05-20 19:46:05 - Distraction: Turning.
2025-05-20 19:46:09 - Drowsiness: Driver detected as drowsy
2025-05-20 19:46:11 - Distraction: Turning.
2025-05-20 19:46:14 - Drowsiness: Driver detected as drowsy
2025-05-20 19:46:17 - Drowsiness: Driver detected as drowsy
2025-05-20 19:46:18 - Distraction: Turning.
2025-05-20 19:46:20 - Drowsiness: Driver detected as drowsy
2025-05-20 19:46:21 - Distraction: Turning.
2025-05-20 19:46:28 - Distraction: Turning.
2025-05-20 19:46:30 - Drowsiness: Driver detected as drowsy
2025-05-20 19:46:34 - Drowsiness: Driver detected as drowsy
2025-05-20 19:46:37 - Drowsiness: Driver detected as drowsy
2025-05-20 19:46:41 - Drowsiness: Driver detected as drowsy
2025-05-20 19:46:44 - Drowsiness: Driver detected as drowsy
2025-05-20 19:46:48 - Distraction: Turning.
2025-05-20 19:46:52 - Distraction: Turning.
2025-05-20 19:46:55 - Distraction: Turning.
2025-05-20 19:46:58 - Distraction: Turning.
2025-05-20 19:47:01 - Distraction: Turning.
2025-05-20 19:47:10 - Distraction: Turning.
2025-05-20 19:47:11 - Drowsiness: Driver detected as drowsy
2025-05-20 19:47:18 - Distraction: Turning.
2025-05-20 19:47:18 - Drowsiness: Driver detected as drowsy
2025-05-20 19:47:26 - Drowsiness: Driver detected as drowsy
2025-05-20 19:47:29 - Drowsiness: Driver detected as drowsy
2025-05-20 19:47:34 - Drowsiness: Driver detected as drowsy
2025-05-20 19:47:40 - Drowsiness: Driver detected as drowsy
2025-05-20 19:47:43 - Distraction: Driver Talking on Phone.
2025-05-20 19:47:46 - Distraction: Turning.
2025-05-20 19:47:49 - Distraction: Turning.
2025-05-20 19:47:50 - Drowsiness: Driver detected as drowsy
2025-05-20 19:47:52 - Distraction: Turning.
2025-05-20 19:47:55 - Distraction: Turning.
2025-05-20 19:47:56 - Drowsiness: Driver detected as drowsy
2025-05-20 19:47:58 - Distraction: Turning.
2025-05-20 19:47:59 - Drowsiness: Driver detected as drowsy
2025-05-20 19:48:01 - Distraction: Turning.
2025-05-20 19:48:02 - Drowsiness: Driver detected as drowsy
2025-05-20 19:48:04 - Distraction: Turning.
2025-05-20 19:48:05 - Drowsiness: Driver detected as drowsy
2025-05-20 19:48:07 - Distraction: Turning.
2025-05-20 19:48:08 - Drowsiness: Driver detected as drowsy
2025-05-20 19:48:10 - Distraction: Turning.
2025-05-20 19:48:11 - Drowsiness: Driver detected as drowsy
2025-05-20 19:48:13 - Distraction: Turning.
2025-05-20 19:48:18 - Distraction: Turning.
2025-05-20 19:48:21 - Distraction: Turning.
2025-05-20 19:48:24 - Distraction: Turning.
2025-05-20 19:48:27 - Drowsiness: Driver detected as drowsy
2025-05-20 19:48:27 - Distraction: Turning.
2025-05-20 19:48:31 - Distraction: Turning.
2025-05-20 19:48:31 - Drowsiness: Driver detected as drowsy
2025-05-20 19:48:34 - Distraction: Turning.
2025-05-20 19:48:36 - Drowsiness: Driver detected as drowsy
2025-05-20 19:48:37 - Distraction: Turning.
2025-05-20 19:48:40 - Distraction: Turning.
2025-05-20 19:48:43 - Distraction: Turning.
2025-05-20 19:48:46 - Distraction: Turning.
2025-05-20 19:48:46 - Drowsiness: Driver detected as drowsy
2025-05-20 19:48:49 - Distraction: Turning.
2025-05-20 19:48:50 - Drowsiness: Driver detected as drowsy
2025-05-20 19:48:52 - Distraction: Turning.
2025-05-20 19:48:53 - Drowsiness: Driver detected as drowsy
2025-05-20 19:48:55 - Distraction: Turning.
2025-05-20 19:48:56 - Drowsiness: Driver detected as drowsy
2025-05-20 19:48:58 - Distraction: Turning.
2025-05-20 19:49:00 - Drowsiness: Driver detected as drowsy
2025-05-20 19:49:01 - Distraction: Turning.
2025-05-20 19:49:04 - Distraction: Turning.
2025-05-20 19:49:06 - Drowsiness: Driver detected as drowsy
2025-05-20 19:49:07 - Distraction: Turning.
2025-05-20 19:49:10 - Distraction: Turning.
2025-05-20 19:49:11 - Drowsiness: Driver detected as drowsy
2025-05-20 19:49:13 - Distraction: Turning.
2025-05-20 22:28:52 - Distraction: Turning.
2025-05-20 22:29:03 - Distraction: Turning.
2025-05-20 22:29:05 - Drowsiness: Driver detected as drowsy
2025-05-20 22:29:06 - Distraction: Turning.
2025-05-20 22:29:08 - Drowsiness: Driver detected as drowsy
2025-05-20 22:29:09 - Distraction: Turning.
2025-05-20 22:29:11 - Drowsiness: Driver detected as drowsy
2025-05-20 22:29:12 - Distraction: Turning.
2025-05-20 22:29:14 - Drowsiness: Driver detected as drowsy
2025-05-20 22:29:15 - Distraction: Turning.
2025-05-20 22:29:17 - Drowsiness: Driver detected as drowsy
2025-05-20 22:29:18 - Distraction: Turning.
2025-05-20 22:29:20 - Drowsiness: Driver detected as drowsy
2025-05-20 22:29:21 - Distraction: Turning.
